<?xml version="1.0" encoding="UTF-8"?>
<coverage generated="1701941798753" clover="3.2.0">
  <project timestamp="1701941798753" name="All files">
    <metrics statements="68" coveredstatements="31" conditionals="28" coveredconditionals="15" methods="21" coveredmethods="11" elements="117" coveredelements="57" complexity="0" loc="68" ncloc="68" packages="1" files="1" classes="1"/>
    <file name="RegisterPlant.js" path="/Users/lukaszs/Desktop/IT-SEP4/FrontEnd/src/components/RegisterPlant/RegisterPlant.js">
      <metrics statements="68" coveredstatements="31" conditionals="28" coveredconditionals="15" methods="21" coveredmethods="11"/>
      <line num="8" count="1" type="stmt"/>
      <line num="9" count="6" type="stmt"/>
      <line num="10" count="6" type="stmt"/>
      <line num="11" count="6" type="stmt"/>
      <line num="12" count="3" type="stmt"/>
      <line num="13" count="3" type="stmt"/>
      <line num="14" count="0" type="cond" truecount="0" falsecount="2"/>
      <line num="15" count="0" type="stmt"/>
      <line num="16" count="0" type="cond" truecount="0" falsecount="2"/>
      <line num="17" count="0" type="stmt"/>
      <line num="18" count="0" type="stmt"/>
      <line num="21" count="0" type="stmt"/>
      <line num="24" count="0" type="stmt"/>
      <line num="28" count="6" type="stmt"/>
      <line num="30" count="3" type="stmt"/>
      <line num="33" count="6" type="stmt"/>
      <line num="43" count="6" type="stmt"/>
      <line num="44" count="2" type="stmt"/>
      <line num="45" count="2" type="stmt"/>
      <line num="48" count="6" type="stmt"/>
      <line num="50" count="6" type="stmt"/>
      <line num="51" count="1" type="stmt"/>
      <line num="52" count="1" type="stmt"/>
      <line num="53" count="1" type="stmt"/>
      <line num="56" count="1" type="cond" truecount="3" falsecount="1"/>
      <line num="57" count="0" type="stmt"/>
      <line num="62" count="0" type="stmt"/>
      <line num="63" count="1" type="cond" truecount="1" falsecount="1"/>
      <line num="64" count="1" type="stmt"/>
      <line num="65" count="1" type="stmt"/>
      <line num="67" count="0" type="stmt"/>
      <line num="71" count="6" type="stmt"/>
      <line num="72" count="0" type="stmt"/>
      <line num="75" count="6" type="stmt"/>
      <line num="76" count="0" type="stmt"/>
      <line num="77" count="0" type="stmt"/>
      <line num="78" count="0" type="stmt"/>
      <line num="81" count="0" type="stmt"/>
      <line num="85" count="6" type="stmt"/>
      <line num="86" count="0" type="stmt"/>
      <line num="89" count="6" type="stmt"/>
      <line num="90" count="0" type="stmt"/>
      <line num="92" count="0" type="stmt"/>
      <line num="100" count="0" type="stmt"/>
      <line num="102" count="0" type="cond" truecount="0" falsecount="2"/>
      <line num="103" count="0" type="cond" truecount="0" falsecount="2"/>
      <line num="105" count="0" type="stmt"/>
      <line num="106" count="0" type="stmt"/>
      <line num="107" count="0" type="stmt"/>
      <line num="110" count="0" type="stmt"/>
      <line num="111" count="0" type="stmt"/>
      <line num="112" count="0" type="stmt"/>
      <line num="120" count="0" type="cond" truecount="0" falsecount="2"/>
      <line num="121" count="0" type="stmt"/>
      <line num="122" count="0" type="stmt"/>
      <line num="124" count="0" type="stmt"/>
      <line num="127" count="0" type="stmt"/>
      <line num="130" count="0" type="stmt"/>
      <line num="134" count="6" type="stmt"/>
      <line num="182" count="6" type="stmt"/>
      <line num="195" count="6" type="cond" truecount="2" falsecount="0"/>
      <line num="209" count="6" type="cond" truecount="2" falsecount="0"/>
      <line num="223" count="6" type="cond" truecount="2" falsecount="0"/>
      <line num="237" count="6" type="cond" truecount="2" falsecount="0"/>
      <line num="248" count="0" type="stmt"/>
      <line num="268" count="0" type="stmt"/>
      <line num="278" count="0" type="stmt"/>
      <line num="295" count="0" type="stmt"/>
    </file>
  </project>
</coverage>
