{"/Users/lukaszs/Desktop/IT-SEP4/FrontEnd/src/components/RegisterPlant/RegisterPlant.js": {"path":"/Users/lukaszs/Desktop/IT-SEP4/FrontEnd/src/components/RegisterPlant/RegisterPlant.js","statementMap":{"0":{"start":{"line":8,"column":22},"end":{"line":305,"column":1}},"1":{"start":{"line":9,"column":32},"end":{"line":9,"column":70}},"2":{"start":{"line":10,"column":40},"end":{"line":10,"column":55}},"3":{"start":{"line":11,"column":23},"end":{"line":26,"column":14}},"4":{"start":{"line":12,"column":4},"end":{"line":25,"column":5}},"5":{"start":{"line":13,"column":23},"end":{"line":13,"column":93}},"6":{"start":{"line":14,"column":6},"end":{"line":22,"column":7}},"7":{"start":{"line":15,"column":21},"end":{"line":15,"column":42}},"8":{"start":{"line":16,"column":8},"end":{"line":19,"column":9}},"9":{"start":{"line":17,"column":39},"end":{"line":17,"column":76}},"10":{"start":{"line":18,"column":10},"end":{"line":18,"column":43}},"11":{"start":{"line":21,"column":8},"end":{"line":21,"column":55}},"12":{"start":{"line":24,"column":6},"end":{"line":24,"column":54}},"13":{"start":{"line":28,"column":2},"end":{"line":31,"column":21}},"14":{"start":{"line":30,"column":4},"end":{"line":30,"column":19}},"15":{"start":{"line":33,"column":36},"end":{"line":41,"column":4}},"16":{"start":{"line":43,"column":28},"end":{"line":46,"column":3}},"17":{"start":{"line":44,"column":28},"end":{"line":44,"column":36}},"18":{"start":{"line":45,"column":4},"end":{"line":45,"column":50}},"19":{"start":{"line":48,"column":36},"end":{"line":48,"column":51}},"20":{"start":{"line":50,"column":27},"end":{"line":69,"column":3}},"21":{"start":{"line":51,"column":25},"end":{"line":51,"column":39}},"22":{"start":{"line":52,"column":30},"end":{"line":54,"column":5}},"23":{"start":{"line":53,"column":16},"end":{"line":53,"column":42}},"24":{"start":{"line":56,"column":4},"end":{"line":68,"column":5}},"25":{"start":{"line":57,"column":6},"end":{"line":61,"column":9}},"26":{"start":{"line":62,"column":6},"end":{"line":62,"column":39}},"27":{"start":{"line":63,"column":11},"end":{"line":68,"column":5}},"28":{"start":{"line":64,"column":6},"end":{"line":64,"column":25}},"29":{"start":{"line":65,"column":6},"end":{"line":65,"column":35}},"30":{"start":{"line":67,"column":6},"end":{"line":67,"column":70}},"31":{"start":{"line":71,"column":27},"end":{"line":73,"column":3}},"32":{"start":{"line":72,"column":4},"end":{"line":72,"column":50}},"33":{"start":{"line":75,"column":23},"end":{"line":83,"column":3}},"34":{"start":{"line":76,"column":4},"end":{"line":82,"column":5}},"35":{"start":{"line":77,"column":6},"end":{"line":77,"column":21}},"36":{"start":{"line":78,"column":6},"end":{"line":78,"column":26}},"37":{"start":{"line":81,"column":6},"end":{"line":81,"column":54}},"38":{"start":{"line":85,"column":31},"end":{"line":87,"column":3}},"39":{"start":{"line":86,"column":4},"end":{"line":86,"column":15}},"40":{"start":{"line":89,"column":26},"end":{"line":132,"column":3}},"41":{"start":{"line":90,"column":57},"end":{"line":90,"column":66}},"42":{"start":{"line":92,"column":22},"end":{"line":98,"column":5}},"43":{"start":{"line":100,"column":4},"end":{"line":100,"column":49}},"44":{"start":{"line":102,"column":4},"end":{"line":108,"column":5}},"45":{"start":{"line":103,"column":47},"end":{"line":103,"column":77}},"46":{"start":{"line":105,"column":6},"end":{"line":105,"column":27}},"47":{"start":{"line":106,"column":6},"end":{"line":106,"column":67}},"48":{"start":{"line":107,"column":6},"end":{"line":107,"column":13}},"49":{"start":{"line":110,"column":24},"end":{"line":129,"column":5}},"50":{"start":{"line":111,"column":6},"end":{"line":128,"column":7}},"51":{"start":{"line":112,"column":25},"end":{"line":118,"column":10}},"52":{"start":{"line":120,"column":8},"end":{"line":125,"column":9}},"53":{"start":{"line":121,"column":10},"end":{"line":121,"column":55}},"54":{"start":{"line":122,"column":10},"end":{"line":122,"column":33}},"55":{"start":{"line":124,"column":10},"end":{"line":124,"column":53}},"56":{"start":{"line":127,"column":8},"end":{"line":127,"column":39}},"57":{"start":{"line":130,"column":4},"end":{"line":130,"column":27}},"58":{"start":{"line":134,"column":2},"end":{"line":304,"column":4}},"59":{"start":{"line":182,"column":20},"end":{"line":184,"column":29}},"60":{"start":{"line":195,"column":43},"end":{"line":195,"column":79}},"61":{"start":{"line":209,"column":43},"end":{"line":209,"column":79}},"62":{"start":{"line":223,"column":43},"end":{"line":223,"column":79}},"63":{"start":{"line":237,"column":43},"end":{"line":237,"column":79}},"64":{"start":{"line":248,"column":55},"end":{"line":248,"column":76}},"65":{"start":{"line":268,"column":55},"end":{"line":268,"column":78}},"66":{"start":{"line":278,"column":29},"end":{"line":278,"column":53}},"67":{"start":{"line":295,"column":14},"end":{"line":295,"column":32}}},"fnMap":{"0":{"name":"(anonymous_0)","decl":{"start":{"line":8,"column":22},"end":{"line":8,"column":23}},"loc":{"start":{"line":8,"column":48},"end":{"line":305,"column":1}},"line":8},"1":{"name":"(anonymous_1)","decl":{"start":{"line":11,"column":35},"end":{"line":11,"column":36}},"loc":{"start":{"line":11,"column":47},"end":{"line":26,"column":3}},"line":11},"2":{"name":"(anonymous_2)","decl":{"start":{"line":28,"column":12},"end":{"line":28,"column":13}},"loc":{"start":{"line":28,"column":18},"end":{"line":31,"column":3}},"line":28},"3":{"name":"(anonymous_3)","decl":{"start":{"line":43,"column":28},"end":{"line":43,"column":29}},"loc":{"start":{"line":43,"column":35},"end":{"line":46,"column":3}},"line":43},"4":{"name":"(anonymous_4)","decl":{"start":{"line":50,"column":27},"end":{"line":50,"column":28}},"loc":{"start":{"line":50,"column":34},"end":{"line":69,"column":3}},"line":50},"5":{"name":"(anonymous_5)","decl":{"start":{"line":53,"column":6},"end":{"line":53,"column":7}},"loc":{"start":{"line":53,"column":16},"end":{"line":53,"column":42}},"line":53},"6":{"name":"(anonymous_6)","decl":{"start":{"line":71,"column":27},"end":{"line":71,"column":28}},"loc":{"start":{"line":71,"column":40},"end":{"line":73,"column":3}},"line":71},"7":{"name":"(anonymous_7)","decl":{"start":{"line":75,"column":23},"end":{"line":75,"column":24}},"loc":{"start":{"line":75,"column":35},"end":{"line":83,"column":3}},"line":75},"8":{"name":"(anonymous_8)","decl":{"start":{"line":85,"column":31},"end":{"line":85,"column":32}},"loc":{"start":{"line":85,"column":37},"end":{"line":87,"column":3}},"line":85},"9":{"name":"(anonymous_9)","decl":{"start":{"line":89,"column":26},"end":{"line":89,"column":27}},"loc":{"start":{"line":89,"column":32},"end":{"line":132,"column":3}},"line":89},"10":{"name":"(anonymous_10)","decl":{"start":{"line":103,"column":36},"end":{"line":103,"column":37}},"loc":{"start":{"line":103,"column":47},"end":{"line":103,"column":77}},"line":103},"11":{"name":"(anonymous_11)","decl":{"start":{"line":110,"column":24},"end":{"line":110,"column":25}},"loc":{"start":{"line":110,"column":45},"end":{"line":129,"column":5}},"line":110},"12":{"name":"(anonymous_12)","decl":{"start":{"line":181,"column":31},"end":{"line":181,"column":32}},"loc":{"start":{"line":182,"column":20},"end":{"line":184,"column":29}},"line":182},"13":{"name":"(anonymous_13)","decl":{"start":{"line":195,"column":33},"end":{"line":195,"column":34}},"loc":{"start":{"line":195,"column":43},"end":{"line":195,"column":79}},"line":195},"14":{"name":"(anonymous_14)","decl":{"start":{"line":209,"column":33},"end":{"line":209,"column":34}},"loc":{"start":{"line":209,"column":43},"end":{"line":209,"column":79}},"line":209},"15":{"name":"(anonymous_15)","decl":{"start":{"line":223,"column":33},"end":{"line":223,"column":34}},"loc":{"start":{"line":223,"column":43},"end":{"line":223,"column":79}},"line":223},"16":{"name":"(anonymous_16)","decl":{"start":{"line":237,"column":33},"end":{"line":237,"column":34}},"loc":{"start":{"line":237,"column":43},"end":{"line":237,"column":79}},"line":237},"17":{"name":"(anonymous_17)","decl":{"start":{"line":248,"column":49},"end":{"line":248,"column":50}},"loc":{"start":{"line":248,"column":55},"end":{"line":248,"column":76}},"line":248},"18":{"name":"(anonymous_18)","decl":{"start":{"line":268,"column":49},"end":{"line":268,"column":50}},"loc":{"start":{"line":268,"column":55},"end":{"line":268,"column":78}},"line":268},"19":{"name":"(anonymous_19)","decl":{"start":{"line":278,"column":23},"end":{"line":278,"column":24}},"loc":{"start":{"line":278,"column":29},"end":{"line":278,"column":53}},"line":278},"20":{"name":"(anonymous_20)","decl":{"start":{"line":294,"column":21},"end":{"line":294,"column":22}},"loc":{"start":{"line":294,"column":27},"end":{"line":296,"column":13}},"line":294}},"branchMap":{"0":{"loc":{"start":{"line":14,"column":6},"end":{"line":22,"column":7}},"type":"if","locations":[{"start":{"line":14,"column":6},"end":{"line":22,"column":7}},{"start":{"line":20,"column":13},"end":{"line":22,"column":7}}],"line":14},"1":{"loc":{"start":{"line":16,"column":8},"end":{"line":19,"column":9}},"type":"if","locations":[{"start":{"line":16,"column":8},"end":{"line":19,"column":9}},{"start":{},"end":{}}],"line":16},"2":{"loc":{"start":{"line":56,"column":4},"end":{"line":68,"column":5}},"type":"if","locations":[{"start":{"line":56,"column":4},"end":{"line":68,"column":5}},{"start":{"line":63,"column":11},"end":{"line":68,"column":5}}],"line":56},"3":{"loc":{"start":{"line":56,"column":8},"end":{"line":56,"column":53}},"type":"binary-expr","locations":[{"start":{"line":56,"column":8},"end":{"line":56,"column":25}},{"start":{"line":56,"column":29},"end":{"line":56,"column":53}}],"line":56},"4":{"loc":{"start":{"line":63,"column":11},"end":{"line":68,"column":5}},"type":"if","locations":[{"start":{"line":63,"column":11},"end":{"line":68,"column":5}},{"start":{"line":66,"column":11},"end":{"line":68,"column":5}}],"line":63},"5":{"loc":{"start":{"line":102,"column":4},"end":{"line":108,"column":5}},"type":"if","locations":[{"start":{"line":102,"column":4},"end":{"line":108,"column":5}},{"start":{},"end":{}}],"line":102},"6":{"loc":{"start":{"line":103,"column":47},"end":{"line":103,"column":77}},"type":"binary-expr","locations":[{"start":{"line":103,"column":47},"end":{"line":103,"column":59}},{"start":{"line":103,"column":63},"end":{"line":103,"column":77}}],"line":103},"7":{"loc":{"start":{"line":120,"column":8},"end":{"line":125,"column":9}},"type":"if","locations":[{"start":{"line":120,"column":8},"end":{"line":125,"column":9}},{"start":{"line":123,"column":15},"end":{"line":125,"column":9}}],"line":120},"8":{"loc":{"start":{"line":136,"column":7},"end":{"line":136,"column":68}},"type":"binary-expr","locations":[{"start":{"line":136,"column":7},"end":{"line":136,"column":16}},{"start":{"line":136,"column":20},"end":{"line":136,"column":68}}],"line":136},"9":{"loc":{"start":{"line":195,"column":20},"end":{"line":196,"column":38}},"type":"binary-expr","locations":[{"start":{"line":195,"column":20},"end":{"line":196,"column":32}},{"start":{"line":196,"column":36},"end":{"line":196,"column":38}}],"line":195},"10":{"loc":{"start":{"line":209,"column":20},"end":{"line":210,"column":38}},"type":"binary-expr","locations":[{"start":{"line":209,"column":20},"end":{"line":210,"column":32}},{"start":{"line":210,"column":36},"end":{"line":210,"column":38}}],"line":209},"11":{"loc":{"start":{"line":223,"column":20},"end":{"line":224,"column":37}},"type":"binary-expr","locations":[{"start":{"line":223,"column":20},"end":{"line":224,"column":31}},{"start":{"line":224,"column":35},"end":{"line":224,"column":37}}],"line":223},"12":{"loc":{"start":{"line":237,"column":20},"end":{"line":238,"column":41}},"type":"binary-expr","locations":[{"start":{"line":237,"column":20},"end":{"line":238,"column":35}},{"start":{"line":238,"column":39},"end":{"line":238,"column":41}}],"line":237},"13":{"loc":{"start":{"line":247,"column":13},"end":{"line":251,"column":13}},"type":"binary-expr","locations":[{"start":{"line":247,"column":13},"end":{"line":247,"column":24}},{"start":{"line":248,"column":14},"end":{"line":250,"column":22}}],"line":247}},"s":{"0":1,"1":6,"2":6,"3":6,"4":3,"5":3,"6":0,"7":0,"8":0,"9":0,"10":0,"11":0,"12":0,"13":6,"14":3,"15":6,"16":6,"17":2,"18":2,"19":6,"20":6,"21":1,"22":1,"23":1,"24":1,"25":0,"26":0,"27":1,"28":1,"29":1,"30":0,"31":6,"32":0,"33":6,"34":0,"35":0,"36":0,"37":0,"38":6,"39":0,"40":6,"41":0,"42":0,"43":0,"44":0,"45":0,"46":0,"47":0,"48":0,"49":0,"50":0,"51":0,"52":0,"53":0,"54":0,"55":0,"56":0,"57":0,"58":6,"59":6,"60":6,"61":6,"62":6,"63":6,"64":0,"65":0,"66":0,"67":0},"f":{"0":6,"1":3,"2":3,"3":2,"4":1,"5":1,"6":0,"7":0,"8":0,"9":0,"10":0,"11":0,"12":6,"13":6,"14":6,"15":6,"16":6,"17":0,"18":0,"19":0,"20":0},"b":{"0":[0,0],"1":[0,0],"2":[0,1],"3":[1,1],"4":[1,0],"5":[0,0],"6":[0,0],"7":[0,0],"8":[6,1],"9":[6,6],"10":[6,6],"11":[6,6],"12":[6,6],"13":[6,0]},"_coverageSchema":"1a1c01bbd47fc00a2c39e90264f33305004495a9","hash":"63d27207aba7b67f1ada8bba5bd993f36774306e"}
}
