TN:
SF:src/components/RegisterPlant/RegisterPlant.js
FN:8,(anonymous_0)
FN:11,(anonymous_1)
FN:28,(anonymous_2)
FN:43,(anonymous_3)
FN:50,(anonymous_4)
FN:53,(anonymous_5)
FN:71,(anonymous_6)
FN:75,(anonymous_7)
FN:85,(anonymous_8)
FN:89,(anonymous_9)
FN:103,(anonymous_10)
FN:110,(anonymous_11)
FN:181,(anonymous_12)
FN:195,(anonymous_13)
FN:209,(anonymous_14)
FN:223,(anonymous_15)
FN:237,(anonymous_16)
FN:248,(anonymous_17)
FN:268,(anonymous_18)
FN:278,(anonymous_19)
FN:294,(anonymous_20)
FNF:21
FNH:11
FNDA:6,(anonymous_0)
FNDA:3,(anonymous_1)
FNDA:3,(anonymous_2)
FNDA:2,(anonymous_3)
FNDA:1,(anonymous_4)
FNDA:1,(anonymous_5)
FNDA:0,(anonymous_6)
FNDA:0,(anonymous_7)
FNDA:0,(anonymous_8)
FNDA:0,(anonymous_9)
FNDA:0,(anonymous_10)
FNDA:0,(anonymous_11)
FNDA:6,(anonymous_12)
FNDA:6,(anonymous_13)
FNDA:6,(anonymous_14)
FNDA:6,(anonymous_15)
FNDA:6,(anonymous_16)
FNDA:0,(anonymous_17)
FNDA:0,(anonymous_18)
FNDA:0,(anonymous_19)
FNDA:0,(anonymous_20)
DA:8,1
DA:9,6
DA:10,6
DA:11,6
DA:12,3
DA:13,3
DA:14,0
DA:15,0
DA:16,0
DA:17,0
DA:18,0
DA:21,0
DA:24,0
DA:28,6
DA:30,3
DA:33,6
DA:43,6
DA:44,2
DA:45,2
DA:48,6
DA:50,6
DA:51,1
DA:52,1
DA:53,1
DA:56,1
DA:57,0
DA:62,0
DA:63,1
DA:64,1
DA:65,1
DA:67,0
DA:71,6
DA:72,0
DA:75,6
DA:76,0
DA:77,0
DA:78,0
DA:81,0
DA:85,6
DA:86,0
DA:89,6
DA:90,0
DA:92,0
DA:100,0
DA:102,0
DA:103,0
DA:105,0
DA:106,0
DA:107,0
DA:110,0
DA:111,0
DA:112,0
DA:120,0
DA:121,0
DA:122,0
DA:124,0
DA:127,0
DA:130,0
DA:134,6
DA:182,6
DA:195,6
DA:209,6
DA:223,6
DA:237,6
DA:248,0
DA:268,0
DA:278,0
DA:295,0
LF:68
LH:31
BRDA:14,0,0,0
BRDA:14,0,1,0
BRDA:16,1,0,0
BRDA:16,1,1,0
BRDA:56,2,0,0
BRDA:56,2,1,1
BRDA:56,3,0,1
BRDA:56,3,1,1
BRDA:63,4,0,1
BRDA:63,4,1,0
BRDA:102,5,0,0
BRDA:102,5,1,0
BRDA:103,6,0,0
BRDA:103,6,1,0
BRDA:120,7,0,0
BRDA:120,7,1,0
BRDA:136,8,0,6
BRDA:136,8,1,1
BRDA:195,9,0,6
BRDA:195,9,1,6
BRDA:209,10,0,6
BRDA:209,10,1,6
BRDA:223,11,0,6
BRDA:223,11,1,6
BRDA:237,12,0,6
BRDA:237,12,1,6
BRDA:247,13,0,6
BRDA:247,13,1,0
BRF:28
BRH:15
end_of_record
